CRITICAL - 2023-07-06 04:31:19 --> Invalid file: "gsx.php"
in SYSTEMPATH\Exceptions\FrameworkException.php on line 33.
 1 SYSTEMPATH\View\View.php(212): CodeIgniter\Exceptions\FrameworkException::forInvalidFile('gsx.php')
 2 SYSTEMPATH\Common.php(1180): CodeIgniter\View\View->render('gsx', [], true)
 3 APPPATH\Controllers\Detail.php(10): view('gsx')
 4 SYSTEMPATH\CodeIgniter.php(932): App\Controllers\Detail->detail()
 5 SYSTEMPATH\CodeIgniter.php(497): CodeIgniter\CodeIgniter->runController(Object(App\Controllers\Detail))
 6 SYSTEMPATH\CodeIgniter.php(366): CodeIgniter\CodeIgniter->handleRequest(null, Object(Config\Cache), false)
 7 FCPATH\index.php(67): CodeIgniter\CodeIgniter->run()
 8 SYSTEMPATH\Commands\Server\rewrite.php(47): require_once('C:\\xampp\\htdocs\\gasgasgas\\public\\index.php')
CRITICAL - 2023-07-06 04:31:41 --> Invalid file: "gsx.php"
in SYSTEMPATH\Exceptions\FrameworkException.php on line 33.
 1 SYSTEMPATH\View\View.php(212): CodeIgniter\Exceptions\FrameworkException::forInvalidFile('gsx.php')
 2 SYSTEMPATH\Common.php(1180): CodeIgniter\View\View->render('gsx', [], true)
 3 APPPATH\Controllers\Detail.php(10): view('gsx')
 4 SYSTEMPATH\CodeIgniter.php(932): App\Controllers\Detail->detail()
 5 SYSTEMPATH\CodeIgniter.php(497): CodeIgniter\CodeIgniter->runController(Object(App\Controllers\Detail))
 6 SYSTEMPATH\CodeIgniter.php(366): CodeIgniter\CodeIgniter->handleRequest(null, Object(Config\Cache), false)
 7 FCPATH\index.php(67): CodeIgniter\CodeIgniter->run()
 8 SYSTEMPATH\Commands\Server\rewrite.php(47): require_once('C:\\xampp\\htdocs\\gasgasgas\\public\\index.php')
CRITICAL - 2023-07-06 04:31:47 --> Invalid file: "gsx.php"
in SYSTEMPATH\Exceptions\FrameworkException.php on line 33.
 1 SYSTEMPATH\View\View.php(212): CodeIgniter\Exceptions\FrameworkException::forInvalidFile('gsx.php')
 2 SYSTEMPATH\Common.php(1180): CodeIgniter\View\View->render('gsx', [], true)
 3 APPPATH\Controllers\Detail.php(10): view('gsx')
 4 SYSTEMPATH\CodeIgniter.php(932): App\Controllers\Detail->detail()
 5 SYSTEMPATH\CodeIgniter.php(497): CodeIgniter\CodeIgniter->runController(Object(App\Controllers\Detail))
 6 SYSTEMPATH\CodeIgniter.php(366): CodeIgniter\CodeIgniter->handleRequest(null, Object(Config\Cache), false)
 7 FCPATH\index.php(67): CodeIgniter\CodeIgniter->run()
 8 SYSTEMPATH\Commands\Server\rewrite.php(47): require_once('C:\\xampp\\htdocs\\gasgasgas\\public\\index.php')
CRITICAL - 2023-07-06 04:42:17 --> Invalid file: "motor1.php"
in SYSTEMPATH\Exceptions\FrameworkException.php on line 33.
 1 SYSTEMPATH\View\View.php(212): CodeIgniter\Exceptions\FrameworkException::forInvalidFile('motor1.php')
 2 SYSTEMPATH\Common.php(1180): CodeIgniter\View\View->render('motor1', [], true)
 3 APPPATH\Controllers\DetailController.php(14): view('motor1')
 4 SYSTEMPATH\CodeIgniter.php(932): App\Controllers\DetailController->show()
 5 SYSTEMPATH\CodeIgniter.php(497): CodeIgniter\CodeIgniter->runController(Object(App\Controllers\DetailController))
 6 SYSTEMPATH\CodeIgniter.php(366): CodeIgniter\CodeIgniter->handleRequest(null, Object(Config\Cache), false)
 7 FCPATH\index.php(67): CodeIgniter\CodeIgniter->run()
 8 SYSTEMPATH\Commands\Server\rewrite.php(47): require_once('C:\\xampp\\htdocs\\gasgasgas\\public\\index.php')
